<?xml version="1.0" encoding="UTF-8"?>
<Site BuildName="Linux-c++"
	BuildStamp="20231021-0056-Experimental"
	Name="josh-ThinkPad-E14-Gen-4"
	Generator="ctest-3.22.1"
	CompilerName="/usr/bin/c++"
	CompilerVersion="11.4.0"
	OSName="Linux"
	Hostname="josh-ThinkPad-E14-Gen-4"
	OSRelease="5.15.0-84-generic"
	OSVersion="#93-Ubuntu SMP Tue Sep 5 17:16:10 UTC 2023"
	OSPlatform="x86_64"
	Is64Bits="1"
	VendorString="GenuineIntel"
	VendorID="Intel Corporation"
	FamilyID="6"
	ModelID="154"
	ProcessorCacheSize="12288"
	NumberOfLogicalCPU="12"
	NumberOfPhysicalCPU="10"
	TotalVirtualMemory="2047"
	TotalPhysicalMemory="23713"
	LogicalProcessorsPerPhysical="1"
	ProcessorClockFrequency="2600"
	>
	<Testing>
		<StartDateTime>Oct 20 18:10 PDT</StartDateTime>
		<StartTestTime>1697850626</StartTestTime>
		<TestList/>
		<EndDateTime>Oct 20 18:10 PDT</EndDateTime>
		<EndTestTime>1697850626</EndTestTime>
		<ElapsedMinutes>0</ElapsedMinutes>
	</Testing>
</Site>
